This is pdfTeX, Version 3.14159265-2.6-1.40.19 (TeX Live 2018) (preloaded format=pdflatex 2018.4.16)  27 APR 2019 21:43
entering extended mode
 restricted \write18 enabled.
 file:line:error style messages enabled.
 %&-line parsing enabled.
**thesis-template.tex
(./thesis-template.tex
LaTeX2e <2018-04-01> patch level 2
Babel <3.18> and hyphenation patterns for 84 language(s) loaded.
(/usr/local/texlive/2018/texmf-dist/tex/latex/base/article.cls
Document Class: article 2014/09/29 v1.4h Standard LaTeX document class
(/usr/local/texlive/2018/texmf-dist/tex/latex/base/size12.clo
File: size12.clo 2014/09/29 v1.4h Standard LaTeX file (size option)
)
\c@part=\count80
\c@section=\count81
\c@subsection=\count82
\c@subsubsection=\count83
\c@paragraph=\count84
\c@subparagraph=\count85
\c@figure=\count86
\c@table=\count87
\abovecaptionskip=\skip41
\belowcaptionskip=\skip42
\bibindent=\dimen102
)
(/usr/local/texlive/2018/texmf-dist/tex/latex/algorithms/algorithm.sty
Package: algorithm 2009/08/24 v0.1 Document Style `algorithm' - floating enviro
nment

(/usr/local/texlive/2018/texmf-dist/tex/latex/float/float.sty
Package: float 2001/11/08 v1.3d Float enhancements (AL)
\c@float@type=\count88
\float@exts=\toks14
\float@box=\box26
\@float@everytoks=\toks15
\@floatcapt=\box27
)
(/usr/local/texlive/2018/texmf-dist/tex/latex/base/ifthen.sty
Package: ifthen 2014/09/29 v1.1c Standard LaTeX ifthen package (DPC)
)
\@float@every@algorithm=\toks16
\c@algorithm=\count89
)
(/usr/local/texlive/2018/texmf-dist/tex/latex/algorithmicx/algpseudocode.sty
Package: algpseudocode 

(/usr/local/texlive/2018/texmf-dist/tex/latex/algorithmicx/algorithmicx.sty
Package: algorithmicx 2005/04/27 v1.2 Algorithmicx

Document Style algorithmicx 1.2 - a greatly improved `algorithmic' style
\c@ALG@line=\count90
\c@ALG@rem=\count91
\c@ALG@nested=\count92
\ALG@tlm=\skip43
\ALG@thistlm=\skip44
\c@ALG@Lnr=\count93
\c@ALG@blocknr=\count94
\c@ALG@storecount=\count95
\c@ALG@tmpcounter=\count96
\ALG@tmplength=\skip45
)
Document Style - pseudocode environments for use with the `algorithmicx' style
) (/usr/local/texlive/2018/texmf-dist/tex/latex/csquotes/csquotes.sty
Package: csquotes 2018/02/11 v5.2c context-sensitive quotations (JAW)

(/usr/local/texlive/2018/texmf-dist/tex/latex/etoolbox/etoolbox.sty
Package: etoolbox 2018/02/11 v2.5e e-TeX tools for LaTeX (JAW)
\etb@tempcnta=\count97
)
(/usr/local/texlive/2018/texmf-dist/tex/latex/graphics/keyval.sty
Package: keyval 2014/10/28 v1.15 key=value parser (DPC)
\KV@toks@=\toks17
)
\csq@reset=\count98
\csq@gtype=\count99
\csq@glevel=\count100
\csq@qlevel=\count101
\csq@maxlvl=\count102
\csq@tshold=\count103
\csq@ltx@everypar=\toks18

(/usr/local/texlive/2018/texmf-dist/tex/latex/csquotes/csquotes.def
File: csquotes.def 2018/02/11 v5.2c csquotes generic definitions (JAW)
)
Package csquotes Info: Trying to load configuration file 'csquotes.cfg'...
Package csquotes Info: ... configuration file loaded successfully.

(/usr/local/texlive/2018/texmf-dist/tex/latex/csquotes/csquotes.cfg
File: csquotes.cfg 
)
Package csquotes Info: Enabling multilingual quotes.
)
(./project-info.tex) (./preamble.tex
(/usr/local/texlive/2018/texmf-dist/tex/latex/amsmath/amsmath.sty
Package: amsmath 2017/09/02 v2.17a AMS math features
\@mathmargin=\skip46

For additional information on amsmath, use the `?' option.
(/usr/local/texlive/2018/texmf-dist/tex/latex/amsmath/amstext.sty
Package: amstext 2000/06/29 v2.01 AMS text

(/usr/local/texlive/2018/texmf-dist/tex/latex/amsmath/amsgen.sty
File: amsgen.sty 1999/11/30 v2.0 generic functions
\@emptytoks=\toks19
\ex@=\dimen103
))
(/usr/local/texlive/2018/texmf-dist/tex/latex/amsmath/amsbsy.sty
Package: amsbsy 1999/11/29 v1.2d Bold Symbols
\pmbraise@=\dimen104
)
(/usr/local/texlive/2018/texmf-dist/tex/latex/amsmath/amsopn.sty
Package: amsopn 2016/03/08 v2.02 operator names
)
\inf@bad=\count104
LaTeX Info: Redefining \frac on input line 213.
\uproot@=\count105
\leftroot@=\count106
LaTeX Info: Redefining \overline on input line 375.
\classnum@=\count107
\DOTSCASE@=\count108
LaTeX Info: Redefining \ldots on input line 472.
LaTeX Info: Redefining \dots on input line 475.
LaTeX Info: Redefining \cdots on input line 596.
\Mathstrutbox@=\box28
\strutbox@=\box29
\big@size=\dimen105
LaTeX Font Info:    Redeclaring font encoding OML on input line 712.
LaTeX Font Info:    Redeclaring font encoding OMS on input line 713.
\macc@depth=\count109
\c@MaxMatrixCols=\count110
\dotsspace@=\muskip10
\c@parentequation=\count111
\dspbrk@lvl=\count112
\tag@help=\toks20
\row@=\count113
\column@=\count114
\maxfields@=\count115
\andhelp@=\toks21
\eqnshift@=\dimen106
\alignsep@=\dimen107
\tagshift@=\dimen108
\tagwidth@=\dimen109
\totwidth@=\dimen110
\lineht@=\dimen111
\@envbody=\toks22
\multlinegap=\skip47
\multlinetaggap=\skip48
\mathdisplay@stack=\toks23
LaTeX Info: Redefining \[ on input line 2817.
LaTeX Info: Redefining \] on input line 2818.
)
(/usr/local/texlive/2018/texmf-dist/tex/latex/base/latexsym.sty
Package: latexsym 1998/08/17 v2.2e Standard LaTeX package (lasy symbols)
\symlasy=\mathgroup4
LaTeX Font Info:    Overwriting symbol font `lasy' in version `bold'
(Font)                  U/lasy/m/n --> U/lasy/b/n on input line 52.
)
(/usr/local/texlive/2018/texmf-dist/tex/latex/amsfonts/amsfonts.sty
Package: amsfonts 2013/01/14 v3.01 Basic AMSFonts support
\symAMSa=\mathgroup5
\symAMSb=\mathgroup6
LaTeX Font Info:    Overwriting math alphabet `\mathfrak' in version `bold'
(Font)                  U/euf/m/n --> U/euf/b/n on input line 106.
)
(/usr/local/texlive/2018/texmf-dist/tex/latex/amsfonts/amssymb.sty
Package: amssymb 2013/01/14 v3.01 AMS font symbols
)
(/usr/local/texlive/2018/texmf-dist/tex/latex/graphics/graphicx.sty
Package: graphicx 2017/06/01 v1.1a Enhanced LaTeX Graphics (DPC,SPQR)

(/usr/local/texlive/2018/texmf-dist/tex/latex/graphics/graphics.sty
Package: graphics 2017/06/25 v1.2c Standard LaTeX Graphics (DPC,SPQR)

(/usr/local/texlive/2018/texmf-dist/tex/latex/graphics/trig.sty
Package: trig 2016/01/03 v1.10 sin cos tan (DPC)
)
(/usr/local/texlive/2018/texmf-dist/tex/latex/graphics-cfg/graphics.cfg
File: graphics.cfg 2016/06/04 v1.11 sample graphics configuration
)
Package graphics Info: Driver file: pdftex.def on input line 99.

(/usr/local/texlive/2018/texmf-dist/tex/latex/graphics-def/pdftex.def
File: pdftex.def 2018/01/08 v1.0l Graphics/color driver for pdftex
))
\Gin@req@height=\dimen112
\Gin@req@width=\dimen113
)
(/usr/local/texlive/2018/texmf-dist/tex/latex/oberdiek/epstopdf.sty
Package: epstopdf 2016/05/15 v2.6 Conversion with epstopdf on the fly (HO)

(/usr/local/texlive/2018/texmf-dist/tex/latex/oberdiek/epstopdf-base.sty
Package: epstopdf-base 2016/05/15 v2.6 Base part for package epstopdf

(/usr/local/texlive/2018/texmf-dist/tex/generic/oberdiek/infwarerr.sty
Package: infwarerr 2016/05/16 v1.4 Providing info/warning/error messages (HO)
)
(/usr/local/texlive/2018/texmf-dist/tex/latex/oberdiek/grfext.sty
Package: grfext 2016/05/16 v1.2 Manage graphics extensions (HO)

(/usr/local/texlive/2018/texmf-dist/tex/generic/oberdiek/kvdefinekeys.sty
Package: kvdefinekeys 2016/05/16 v1.4 Define keys (HO)

(/usr/local/texlive/2018/texmf-dist/tex/generic/oberdiek/ltxcmds.sty
Package: ltxcmds 2016/05/16 v1.23 LaTeX kernel commands for general use (HO)
)))
(/usr/local/texlive/2018/texmf-dist/tex/latex/oberdiek/kvoptions.sty
Package: kvoptions 2016/05/16 v3.12 Key value format for package options (HO)

(/usr/local/texlive/2018/texmf-dist/tex/generic/oberdiek/kvsetkeys.sty
Package: kvsetkeys 2016/05/16 v1.17 Key value parser (HO)

(/usr/local/texlive/2018/texmf-dist/tex/generic/oberdiek/etexcmds.sty
Package: etexcmds 2016/05/16 v1.6 Avoid name clashes with e-TeX commands (HO)

(/usr/local/texlive/2018/texmf-dist/tex/generic/oberdiek/ifluatex.sty
Package: ifluatex 2016/05/16 v1.4 Provides the ifluatex switch (HO)
Package ifluatex Info: LuaTeX not detected.
)
Package etexcmds Info: Could not find \expanded.
(etexcmds)             That can mean that you are not using pdfTeX 1.50 or
(etexcmds)             that some package has redefined \expanded.
(etexcmds)             In the latter case, load this package earlier.
)))
(/usr/local/texlive/2018/texmf-dist/tex/generic/oberdiek/pdftexcmds.sty
Package: pdftexcmds 2018/01/30 v0.27 Utility functions of pdfTeX for LuaTeX (HO
)

(/usr/local/texlive/2018/texmf-dist/tex/generic/oberdiek/ifpdf.sty
Package: ifpdf 2017/03/15 v3.2 Provides the ifpdf switch
)
Package pdftexcmds Info: LuaTeX not detected.
Package pdftexcmds Info: \pdf@primitive is available.
Package pdftexcmds Info: \pdf@ifprimitive is available.
Package pdftexcmds Info: \pdfdraftmode found.
)
Package epstopdf-base Info: Redefining graphics rule for `.eps' on input line 4
38.
Package grfext Info: Graphics extension search list:
(grfext)             [.pdf,.png,.jpg,.mps,.jpeg,.jbig2,.jb2,.PDF,.PNG,.JPG,.JPE
G,.JBIG2,.JB2,.eps]
(grfext)             \AppendGraphicsExtensions on input line 456.

(/usr/local/texlive/2018/texmf-dist/tex/latex/latexconfig/epstopdf-sys.cfg
File: epstopdf-sys.cfg 2010/07/13 v1.3 Configuration of (r)epstopdf for TeX Liv
e
)))
(/usr/local/texlive/2018/texmf-dist/tex/latex/subfigure/subfigure.sty
Package: subfigure 2002/03/15 v2.1.5 subfigure package
\subfigtopskip=\skip49
\subfigcapskip=\skip50
\subfigcaptopadj=\dimen114
\subfigbottomskip=\skip51
\subfigcapmargin=\dimen115
\subfiglabelskip=\skip52
\c@subfigure=\count116
\c@lofdepth=\count117
\c@subtable=\count118
\c@lotdepth=\count119

****************************************
* Local config file subfigure.cfg used *
****************************************
(/usr/local/texlive/2018/texmf-dist/tex/latex/subfigure/subfigure.cfg)
\subfig@top=\skip53
\subfig@bottom=\skip54
)
(/usr/local/texlive/2018/texmf-dist/tex/latex/setspace/setspace.sty
Package: setspace 2011/12/19 v6.7a set line spacing
)
(/usr/local/texlive/2018/texmf-dist/tex/latex/graphics/color.sty
Package: color 2016/07/10 v1.1e Standard LaTeX Color (DPC)

(/usr/local/texlive/2018/texmf-dist/tex/latex/graphics-cfg/color.cfg
File: color.cfg 2016/01/02 v1.6 sample color configuration
)
Package color Info: Driver file: pdftex.def on input line 147.
)
(/usr/local/texlive/2018/texmf-dist/tex/latex/listings/listings.sty
\lst@mode=\count120
\lst@gtempboxa=\box30
\lst@token=\toks24
\lst@length=\count121
\lst@currlwidth=\dimen116
\lst@column=\count122
\lst@pos=\count123
\lst@lostspace=\dimen117
\lst@width=\dimen118
\lst@newlines=\count124
\lst@lineno=\count125
\lst@maxwidth=\dimen119

(/usr/local/texlive/2018/texmf-dist/tex/latex/listings/lstmisc.sty
File: lstmisc.sty 2015/06/04 1.6 (Carsten Heinz)
\c@lstnumber=\count126
\lst@skipnumbers=\count127
\lst@framebox=\box31
)
(/usr/local/texlive/2018/texmf-dist/tex/latex/listings/listings.cfg
File: listings.cfg 2015/06/04 1.6 listings configuration
))
Package: listings 2015/06/04 1.6 (Carsten Heinz)

(/usr/local/texlive/2018/texmf-dist/tex/generic/xypic/xy.sty
(/usr/local/texlive/2018/texmf-dist/tex/generic/xypic/xy.tex Bootstrap'ing:
catcodes, docmode,
(/usr/local/texlive/2018/texmf-dist/tex/generic/xypic/xyrecat.tex)
(/usr/local/texlive/2018/texmf-dist/tex/generic/xypic/xyidioms.tex)

 Xy-pic version 3.8.9 <2013/10/06>
 Copyright (c) 1991-2013 by Kristoffer H. Rose <krisrose@tug.org> and others
 Xy-pic is free software: see the User's Guide for details.

Loading kernel: messages; fonts; allocations: state,
\X@c=\dimen120
\Y@c=\dimen121
\U@c=\dimen122
\D@c=\dimen123
\L@c=\dimen124
\R@c=\dimen125
\Edge@c=\toks25
\X@p=\dimen126
\Y@p=\dimen127
\U@p=\dimen128
\D@p=\dimen129
\L@p=\dimen130
\R@p=\dimen131
\Edge@p=\toks26
\X@origin=\dimen132
\Y@origin=\dimen133
\X@xbase=\dimen134
\Y@xbase=\dimen135
\X@ybase=\dimen136
\Y@ybase=\dimen137
\X@min=\dimen138
\Y@min=\dimen139
\X@max=\dimen140
\Y@max=\dimen141
\lastobjectbox@=\box32
\zerodotbox@=\box33
\almostz@=\dimen142
 direction,
\d@X=\dimen143
\d@Y=\dimen144
\K@=\count128
\KK@=\count129
\Direction=\count130
\K@dXdY=\dimen145
\K@dYdX=\dimen146
\xyread@=\read1
\xywrite@=\write3
\csp@=\count131
\quotPTK@=\dimen147

utility macros; pictures: \xy, positions,
\swaptoks@@=\toks27
\connectobjectbox@@=\box34
 objects,
\styletoks@=\toks28
 decorations;
kernel objects: directionals, circles, text; options; algorithms: directions,
edges, connections;  Xy-pic loaded)
Package: xy 2013/10/06 Xy-pic version 3.8.9

(/usr/local/texlive/2018/texmf-dist/tex/generic/xypic/xyall.tex
 Xy-pic option: All features v.3.8
(/usr/local/texlive/2018/texmf-dist/tex/generic/xypic/xycurve.tex
 Xy-pic option: Curve and Spline extension v.3.12 curve,
\crv@cnt@=\count132
\crvpts@=\toks29
\splinebox@=\box35
\splineval@=\dimen148
\splinedepth@=\dimen149
\splinetol@=\dimen150
\splinelength@=\dimen151
 circles,
\L@=\dimen152
 loaded)
(/usr/local/texlive/2018/texmf-dist/tex/generic/xypic/xyframe.tex
 Xy-pic option: Frame and Bracket extension v.3.14 loaded)
(/usr/local/texlive/2018/texmf-dist/tex/generic/xypic/xycmtip.tex
 Xy-pic option: Computer Modern tip extension v.3.7
(/usr/local/texlive/2018/texmf-dist/tex/generic/xypic/xytips.tex
 Xy-pic option: More Tips extension v.3.11 loaded) loaded)
(/usr/local/texlive/2018/texmf-dist/tex/generic/xypic/xyline.tex
 Xy-pic option: Line styles extension v.3.10
\xylinethick@=\dimen153
 loaded)
(/usr/local/texlive/2018/texmf-dist/tex/generic/xypic/xyrotate.tex
 Xy-pic option: Rotate and Scale extension v.3.8 loaded)
(/usr/local/texlive/2018/texmf-dist/tex/generic/xypic/xycolor.tex
 Xy-pic option: Colour extension v.3.11 loaded)
(/usr/local/texlive/2018/texmf-dist/tex/generic/xypic/xymatrix.tex
 Xy-pic option: Matrix feature v.3.14
\Row=\count133
\Col=\count134
\queue@=\toks30
\queue@@=\toks31
\qcount@=\count135
\qcount@@=\count136
\matrixsize@=\count137
 loaded)
(/usr/local/texlive/2018/texmf-dist/tex/generic/xypic/xyarrow.tex
 Xy-pic option: Arrow and Path feature v.3.9 path, \ar, loaded)
(/usr/local/texlive/2018/texmf-dist/tex/generic/xypic/xygraph.tex
 Xy-pic option: Graph feature v.3.11 loaded) loaded)
(/usr/local/texlive/2018/texmf-dist/tex/generic/xypic/xypdf.tex
 Xy-pic option: PDF driver v.1.7 Xy-pic pdf driver: `color' extension support
(/usr/local/texlive/2018/texmf-dist/tex/generic/xypic/xypdf-co.tex loaded)
Xy-pic pdf driver: `curve' extension support
(/usr/local/texlive/2018/texmf-dist/tex/generic/xypic/xypdf-cu.tex loaded)
Xy-pic pdf driver: `frame' extension support
(/usr/local/texlive/2018/texmf-dist/tex/generic/xypic/xypdf-fr.tex loaded)
Xy-pic pdf driver: `line' extension support
(/usr/local/texlive/2018/texmf-dist/tex/generic/xypic/xypdf-li.tex loaded)
Xy-pic pdf driver: `rotate' extension support
(/usr/local/texlive/2018/texmf-dist/tex/generic/xypic/xypdf-ro.tex loaded)
loaded)) (/usr/local/texlive/2018/texmf-dist/tex/latex/pdfpages/pdfpages.sty
Package: pdfpages 2017/10/31 v0.5l Insert pages of external PDF documents (AM)

(/usr/local/texlive/2018/texmf-dist/tex/latex/tools/calc.sty
Package: calc 2017/05/25 v4.3 Infix arithmetic (KKT,FJ)
\calc@Acount=\count138
\calc@Bcount=\count139
\calc@Adimen=\dimen154
\calc@Bdimen=\dimen155
\calc@Askip=\skip55
\calc@Bskip=\skip56
LaTeX Info: Redefining \setlength on input line 80.
LaTeX Info: Redefining \addtolength on input line 81.
\calc@Ccount=\count140
\calc@Cskip=\skip57
)
(/usr/local/texlive/2018/texmf-dist/tex/latex/eso-pic/eso-pic.sty
Package: eso-pic 2015/07/21 v2.0g eso-pic (RN)

(/usr/local/texlive/2018/texmf-dist/tex/generic/oberdiek/atbegshi.sty
Package: atbegshi 2016/06/09 v1.18 At begin shipout hook (HO)
))
\AM@pagewidth=\dimen156
\AM@pageheight=\dimen157

(/usr/local/texlive/2018/texmf-dist/tex/latex/pdfpages/pppdftex.def
File: pppdftex.def 2017/10/31 v0.5l Pdfpages driver for pdfTeX (AM)
)
\AM@pagebox=\box36
\AM@global@opts=\toks32
\AM@toc@title=\toks33
\c@AM@survey=\count141
\AM@templatesizebox=\box37
)
(/usr/local/texlive/2018/texmf-dist/tex/latex/titlesec/titlesec.sty
Package: titlesec 2016/03/21 v2.10.2 Sectioning titles
\ttl@box=\box38
\beforetitleunit=\skip58
\aftertitleunit=\skip59
\ttl@plus=\dimen158
\ttl@minus=\dimen159
\ttl@toksa=\toks34
\titlewidth=\dimen160
\titlewidthlast=\dimen161
\titlewidthfirst=\dimen162
)
(/usr/local/texlive/2018/texmf-dist/tex/latex/hyperref/hyperref.sty
Package: hyperref 2018/02/06 v6.86b Hypertext links for LaTeX

(/usr/local/texlive/2018/texmf-dist/tex/generic/oberdiek/hobsub-hyperref.sty
Package: hobsub-hyperref 2016/05/16 v1.14 Bundle oberdiek, subset hyperref (HO)


(/usr/local/texlive/2018/texmf-dist/tex/generic/oberdiek/hobsub-generic.sty
Package: hobsub-generic 2016/05/16 v1.14 Bundle oberdiek, subset generic (HO)
Package: hobsub 2016/05/16 v1.14 Construct package bundles (HO)
Package hobsub Info: Skipping package `infwarerr' (already loaded).
Package hobsub Info: Skipping package `ltxcmds' (already loaded).
Package hobsub Info: Skipping package `ifluatex' (already loaded).
Package: ifvtex 2016/05/16 v1.6 Detect VTeX and its facilities (HO)
Package ifvtex Info: VTeX not detected.
Package: intcalc 2016/05/16 v1.2 Expandable calculations with integers (HO)
Package hobsub Info: Skipping package `ifpdf' (already loaded).
Package hobsub Info: Skipping package `etexcmds' (already loaded).
Package hobsub Info: Skipping package `kvsetkeys' (already loaded).
Package hobsub Info: Skipping package `kvdefinekeys' (already loaded).
Package hobsub Info: Skipping package `pdftexcmds' (already loaded).
Package: pdfescape 2016/05/16 v1.14 Implements pdfTeX's escape features (HO)
Package: bigintcalc 2016/05/16 v1.4 Expandable calculations on big integers (HO
)
Package: bitset 2016/05/16 v1.2 Handle bit-vector datatype (HO)
Package: uniquecounter 2016/05/16 v1.3 Provide unlimited unique counter (HO)
)
Package hobsub Info: Skipping package `hobsub' (already loaded).
Package: letltxmacro 2016/05/16 v1.5 Let assignment for LaTeX macros (HO)
Package: hopatch 2016/05/16 v1.3 Wrapper for package hooks (HO)
Package: xcolor-patch 2016/05/16 xcolor patch
Package: atveryend 2016/05/16 v1.9 Hooks at the very end of document (HO)
Package hobsub Info: Skipping package `atbegshi' (already loaded).
Package: refcount 2016/05/16 v3.5 Data extraction from label references (HO)
Package: hycolor 2016/05/16 v1.8 Color options for hyperref/bookmark (HO)
)
(/usr/local/texlive/2018/texmf-dist/tex/generic/ifxetex/ifxetex.sty
Package: ifxetex 2010/09/12 v0.6 Provides ifxetex conditional
)
(/usr/local/texlive/2018/texmf-dist/tex/latex/oberdiek/auxhook.sty
Package: auxhook 2016/05/16 v1.4 Hooks for auxiliary files (HO)
)
\@linkdim=\dimen163
\Hy@linkcounter=\count142
\Hy@pagecounter=\count143

(/usr/local/texlive/2018/texmf-dist/tex/latex/hyperref/pd1enc.def
File: pd1enc.def 2018/02/06 v6.86b Hyperref: PDFDocEncoding definition (HO)
Now handling font encoding PD1 ...
... no UTF-8 mapping file for font encoding PD1
)
\Hy@SavedSpaceFactor=\count144

(/usr/local/texlive/2018/texmf-dist/tex/latex/latexconfig/hyperref.cfg
File: hyperref.cfg 2002/06/06 v1.2 hyperref configuration of TeXLive
)
Package hyperref Info: Hyper figures OFF on input line 4509.
Package hyperref Info: Link nesting OFF on input line 4514.
Package hyperref Info: Hyper index ON on input line 4517.
Package hyperref Info: Plain pages OFF on input line 4524.
Package hyperref Info: Backreferencing OFF on input line 4529.
Package hyperref Info: Implicit mode ON; LaTeX internals redefined.
Package hyperref Info: Bookmarks ON on input line 4762.
\c@Hy@tempcnt=\count145

(/usr/local/texlive/2018/texmf-dist/tex/latex/url/url.sty
\Urlmuskip=\muskip11
Package: url 2013/09/16  ver 3.4  Verb mode for urls, etc.
)
LaTeX Info: Redefining \url on input line 5115.
\XeTeXLinkMargin=\dimen164
\Fld@menulength=\count146
\Field@Width=\dimen165
\Fld@charsize=\dimen166
Package hyperref Info: Hyper figures OFF on input line 6369.
Package hyperref Info: Link nesting OFF on input line 6374.
Package hyperref Info: Hyper index ON on input line 6377.
Package hyperref Info: backreferencing OFF on input line 6384.
Package hyperref Info: Link coloring OFF on input line 6389.
Package hyperref Info: Link coloring with OCG OFF on input line 6394.
Package hyperref Info: PDF/A mode OFF on input line 6399.
LaTeX Info: Redefining \ref on input line 6439.
LaTeX Info: Redefining \pageref on input line 6443.
\Hy@abspage=\count147
\c@Item=\count148
\c@Hfootnote=\count149
)
Package hyperref Info: Driver (autodetected): hpdftex.

(/usr/local/texlive/2018/texmf-dist/tex/latex/hyperref/hpdftex.def
File: hpdftex.def 2018/02/06 v6.86b Hyperref driver for pdfTeX
\Fld@listcount=\count150
\c@bookmark@seq@number=\count151

(/usr/local/texlive/2018/texmf-dist/tex/latex/oberdiek/rerunfilecheck.sty
Package: rerunfilecheck 2016/05/16 v1.8 Rerun checks for auxiliary files (HO)
Package uniquecounter Info: New unique counter `rerunfilecheck' on input line 2
82.
)
\Hy@SectionHShift=\skip60
)
(/usr/local/texlive/2018/texmf-dist/tex/latex/oberdiek/hypcap.sty
Package: hypcap 2016/05/16 v1.12 Adjusting the anchors of captions (HO)
)
\c@alg=\count152
\c@thrm=\count153
)
Package csquotes Info: Checking for multilingual support...
Package csquotes Info: ... none found.


Package csquotes Warning: No multilingual support.
(csquotes)                Cannot enable multilingual quotes on input line 22.

(./thesis-template.aux

LaTeX Warning: Label `fig:translate_uml' multiply defined.


LaTeX Warning: Label `euclid' multiply defined.


LaTeX Warning: Label `my-label' multiply defined.


LaTeX Warning: Label `fig:eng' multiply defined.

)
\openout1 = `thesis-template.aux'.

LaTeX Font Info:    Checking defaults for OML/cmm/m/it on input line 22.
LaTeX Font Info:    ... okay on input line 22.
LaTeX Font Info:    Checking defaults for T1/cmr/m/n on input line 22.
LaTeX Font Info:    ... okay on input line 22.
LaTeX Font Info:    Checking defaults for OT1/cmr/m/n on input line 22.
LaTeX Font Info:    ... okay on input line 22.
LaTeX Font Info:    Checking defaults for OMS/cmsy/m/n on input line 22.
LaTeX Font Info:    ... okay on input line 22.
LaTeX Font Info:    Checking defaults for OMX/cmex/m/n on input line 22.
LaTeX Font Info:    ... okay on input line 22.
LaTeX Font Info:    Checking defaults for U/cmr/m/n on input line 22.
LaTeX Font Info:    ... okay on input line 22.
LaTeX Font Info:    Checking defaults for PD1/pdf/m/n on input line 22.
LaTeX Font Info:    ... okay on input line 22.
 (/usr/local/texlive/2018/texmf-dist/tex/context/base/mkii/supp-pdf.mkii
[Loading MPS to PDF converter (version 2006.09.02).]
\scratchcounter=\count154
\scratchdimen=\dimen167
\scratchbox=\box39
\nofMPsegments=\count155
\nofMParguments=\count156
\everyMPshowfont=\toks35
\MPscratchCnt=\count157
\MPscratchDim=\dimen168
\MPnumerator=\count158
\makeMPintoPDFobject=\count159
\everyMPtoPDFconversion=\toks36
)
\c@lstlisting=\count160
LaTeX Font Info:    Try loading font information for U+lasy on input line 22.
 (/usr/local/texlive/2018/texmf-dist/tex/latex/base/ulasy.fd
File: ulasy.fd 1998/08/17 v2.2e LaTeX symbol font definitions
)
LaTeX Font Info:    Try loading font information for U+msa on input line 22.

(/usr/local/texlive/2018/texmf-dist/tex/latex/amsfonts/umsa.fd
File: umsa.fd 2013/01/14 v3.01 AMS symbols A
)
LaTeX Font Info:    Try loading font information for U+msb on input line 22.

(/usr/local/texlive/2018/texmf-dist/tex/latex/amsfonts/umsb.fd
File: umsb.fd 2013/01/14 v3.01 AMS symbols B
)
Package xypdf Info: Line width: 0.47998pt on input line 22.
\AtBeginShipoutBox=\box40

(/usr/local/texlive/2018/texmf-dist/tex/latex/oberdiek/pdflscape.sty
Package: pdflscape 2016/05/14 v0.11 Display of landscape pages in PDF (HO)

(/usr/local/texlive/2018/texmf-dist/tex/latex/graphics/lscape.sty
Package: lscape 2000/10/22 v3.01 Landscape Pages (DPC)
)
Package pdflscape Info: Auto-detected driver: pdftex on input line 81.
)
Package hyperref Info: Link coloring OFF on input line 22.

(/usr/local/texlive/2018/texmf-dist/tex/latex/hyperref/nameref.sty
Package: nameref 2016/05/21 v2.44 Cross-referencing by name of section

(/usr/local/texlive/2018/texmf-dist/tex/generic/oberdiek/gettitlestring.sty
Package: gettitlestring 2016/05/16 v1.5 Cleanup title references (HO)
)
\c@section@level=\count161
)
LaTeX Info: Redefining \ref on input line 22.
LaTeX Info: Redefining \pageref on input line 22.
LaTeX Info: Redefining \nameref on input line 22.

(./thesis-template.out) (./thesis-template.out)
\@outlinefile=\write4
\openout4 = `thesis-template.out'.

 (./pages/frontpage.tex [1

{/usr/local/texlive/2018/texmf-var/fonts/map/pdftex/updmap/pdftex.map}])
(./pages/copyrightpage.tex
LaTeX Font Info:    Try loading font information for OMS+cmr on input line 4.

(/usr/local/texlive/2018/texmf-dist/tex/latex/base/omscmr.fd
File: omscmr.fd 2014/09/29 v2.5h Standard LaTeX font definitions
)
LaTeX Font Info:    Font shape `OMS/cmr/m/n' in size <12> not available
(Font)              Font shape `OMS/cmsy/m/n' tried instead on input line 4.
)pdfTeX warning (ext4): destination with the same identifier (name{page.}) has 
been already used, duplicate ignored
<to be read again> 
                   \relax 
l.29 \newpage
              [1] (./pages/approvalpage.tex)pdfTeX warning (ext4): destination 
with the same identifier (name{page.}) has been already used, duplicate ignored

<to be read again> 
                   \relax 
l.32 \newpage
              [2]
<media/distribution-license.pdf, id=235, 614.295pt x 794.97pt>
File: media/distribution-license.pdf Graphic file (type pdf)
<use media/distribution-license.pdf>
Package pdftex.def Info: media/distribution-license.pdf  used on input line 34.

(pdftex.def)             Requested size: 614.29349pt x 794.96806pt.
File: media/distribution-license.pdf Graphic file (type pdf)
<use media/distribution-license.pdf>
Package pdftex.def Info: media/distribution-license.pdf  used on input line 34.

(pdftex.def)             Requested size: 614.29349pt x 794.96806pt.
<media/distribution-license.pdf, id=238, page=1, 614.295pt x 794.97pt>
File: media/distribution-license.pdf Graphic file (type pdf)
<use media/distribution-license.pdf, page 1>
Package pdftex.def Info: media/distribution-license.pdf , page1 used on input l
ine 34.
(pdftex.def)             Requested size: 614.29349pt x 794.96806pt.
File: media/distribution-license.pdf Graphic file (type pdf)
<use media/distribution-license.pdf, page 1>
Package pdftex.def Info: media/distribution-license.pdf , page1 used on input l
ine 34.
(pdftex.def)             Requested size: 614.58406pt x 795.3441pt.
File: media/distribution-license.pdf Graphic file (type pdf)
<use media/distribution-license.pdf, page 1>
Package pdftex.def Info: media/distribution-license.pdf , page1 used on input l
ine 34.
(pdftex.def)             Requested size: 614.58406pt x 795.3441pt.
File: media/distribution-license.pdf Graphic file (type pdf)
<use media/distribution-license.pdf, page 1>
Package pdftex.def Info: media/distribution-license.pdf , page1 used on input l
ine 34.
(pdftex.def)             Requested size: 614.58406pt x 795.3441pt.
File: media/distribution-license.pdf Graphic file (type pdf)
<use media/distribution-license.pdf, page 1>
Package pdftex.def Info: media/distribution-license.pdf , page1 used on input l
ine 34.
(pdftex.def)             Requested size: 614.58406pt x 795.3441pt.
pdfTeX warning (ext4): destination with the same identifier (name{page.}) has b
een already used, duplicate ignored
<to be read again> 
                   \relax 
l.34 \includepdf{media/distribution-license.pdf}
                                                 [3 <./media/distribution-licen
se.pdf>]pdfTeX warning (ext4): destination with the same identifier (name{page.
}) has been already used, duplicate ignored
<to be read again> 
                   \relax 
l.44 \newpage
              [4] (./thesis-template.toc [1

])
\tf@toc=\write5
\openout5 = `thesis-template.toc'.

 [2] (./thesis-template.lof)
\tf@lof=\write6
\openout6 = `thesis-template.lof'.


[3

] (./thesis-template.lot)
\tf@lot=\write7
\openout7 = `thesis-template.lot'.

 [4

]
Underfull \hbox (badness 10000) in paragraph at lines 60--61

 []


Underfull \hbox (badness 10000) in paragraph at lines 62--63

 []

[1

] [2] [3

] [4] [5] [6] [7]
Underfull \hbox (badness 1418) in paragraph at lines 155--155
[]\OT1/cmr/m/n/12 Highly pop-u-lar,
 []


Underfull \hbox (badness 10000) in paragraph at lines 155--155
[]\OT1/cmr/m/n/12 Feasible ac-
 []


Underfull \hbox (badness 10000) in paragraph at lines 155--155
\OT1/cmr/m/n/12 cu-racy and
 []


Underfull \hbox (badness 1308) in paragraph at lines 155--156
[]\OT1/cmr/m/n/12 Low cost, high
 []


Underfull \hbox (badness 10000) in paragraph at lines 155--156
\OT1/cmr/m/n/12 ac-cu-racy and
 []


Underfull \hbox (badness 10000) in paragraph at lines 157--157
[]\OT1/cmr/m/n/12 Low ac-cu-racy,
 []


Underfull \hbox (badness 10000) in paragraph at lines 157--157
\OT1/cmr/m/n/12 in-flu-enced by
 []


Underfull \hbox (badness 1275) in paragraph at lines 157--157
[]\OT1/cmr/m/n/12 Low pop-u-lar-ity,
 []


Underfull \hbox (badness 10000) in paragraph at lines 157--157
[]\OT1/cmr/m/n/12 Likely to be
 []


Underfull \hbox (badness 10000) in paragraph at lines 157--157
\OT1/cmr/m/n/12 in-flu-enced by
 []

[8] [9]
Underfull \hbox (badness 10000) in paragraph at lines 165--166

 []


Underfull \hbox (badness 10000) in paragraph at lines 167--168

 []


Underfull \hbox (badness 10000) in paragraph at lines 169--170

 []

<media/ibeacon-format.jpg, id=495, 960.58875pt x 396.48125pt>
File: media/ibeacon-format.jpg Graphic file (type jpg)
<use media/ibeacon-format.jpg>
Package pdftex.def Info: media/ibeacon-format.jpg  used on input line 174.
(pdftex.def)             Requested size: 390.0pt x 160.97331pt.
[10

 <./media/ibeacon-format.jpg>]
Underfull \hbox (badness 10000) in paragraph at lines 185--186

 []


Underfull \hbox (badness 10000) in paragraph at lines 187--188

 []


Underfull \hbox (badness 10000) in paragraph at lines 189--190

 []


Underfull \hbox (badness 10000) in paragraph at lines 191--192

 []

[11] [12] [13] [14

]
<media/VISION_API.png, id=549, 307.1475pt x 523.9575pt>
File: media/VISION_API.png Graphic file (type png)
<use media/VISION_API.png>
Package pdftex.def Info: media/VISION_API.png  used on input line 239.
(pdftex.def)             Requested size: 292.5pt x 499.00401pt.
 [15

] [16 <./media/VISION_API.png>]
<media/request_sample.png, id=566, 714.67pt x 578.16pt>
File: media/request_sample.png Graphic file (type png)
<use media/request_sample.png>
Package pdftex.def Info: media/request_sample.png  used on input line 250.
(pdftex.def)             Requested size: 390.0pt x 315.51pt.
 [17 <./media/request_sample.png>]
Overfull \hbox (75.2992pt too wide) in paragraph at lines 280--281
[][][][][][][][][][][][][][][][][][][][][] 
 []


Overfull \hbox (18.89929pt too wide) in paragraph at lines 283--284
[][][][][][][][][][][][][][][][][][][][][] 
 []

[18]
<media/Translate.png, id=608, 169.1118pt x 324.0105pt>
File: media/Translate.png Graphic file (type png)
<use media/Translate.png>
Package pdftex.def Info: media/Translate.png  used on input line 304.
(pdftex.def)             Requested size: 195.0pt x 373.61281pt.
 [19

] [20 <./media/Translate.png>]
LaTeX Font Info:    Try loading font information for OML+cmr on input line 328.


(/usr/local/texlive/2018/texmf-dist/tex/latex/base/omlcmr.fd
File: omlcmr.fd 2014/09/29 v2.5h Standard LaTeX font definitions
)
LaTeX Font Info:    Font shape `OML/cmr/m/n' in size <12> not available
(Font)              Font shape `OML/cmm/m/it' tried instead on input line 328.
 [21]
Package hyperref Info: bookmark level for unknown algorithm defaults to 0 on in
put line 362.
 [22

]
[23]
<media/Architecture-3.png, id=673, 682.4697pt x 549.0111pt>
File: media/Architecture-3.png Graphic file (type png)
<use media/Architecture-3.png>
Package pdftex.def Info: media/Architecture-3.png  used on input line 425.
(pdftex.def)             Requested size: 390.0pt x 313.74379pt.
 [24

] [25 <./media/Architecture-3.png>] [26] [27] [28]
<media/1.jpg, id=726, 752.8125pt x 1339.0025pt>
File: media/1.jpg Graphic file (type jpg)
<use media/1.jpg>
Package pdftex.def Info: media/1.jpg  used on input line 510.
(pdftex.def)             Requested size: 175.49881pt x 312.15256pt.
<media/2.PNG, id=727, 752.8125pt x 1339.0025pt>
File: media/2.PNG Graphic file (type png)
<use media/2.PNG>
Package pdftex.def Info: media/2.PNG  used on input line 516.
(pdftex.def)             Requested size: 175.49881pt x 312.15256pt.
 [29 <./media/1.jpg> <./media/2.PNG>]
<media/3.PNG, id=741, 752.8125pt x 1339.0025pt>
File: media/3.PNG Graphic file (type png)
<use media/3.PNG>
Package pdftex.def Info: media/3.PNG  used on input line 549.
(pdftex.def)             Requested size: 175.49881pt x 312.15256pt.
<media/4.PNG, id=742, 752.8125pt x 1339.0025pt>
File: media/4.PNG Graphic file (type png)
<use media/4.PNG>
Package pdftex.def Info: media/4.PNG  used on input line 555.
(pdftex.def)             Requested size: 175.49881pt x 312.15256pt.
 [30]
<media/5.PNG, id=750, 752.8125pt x 1339.0025pt>
File: media/5.PNG Graphic file (type png)
<use media/5.PNG>
Package pdftex.def Info: media/5.PNG  used on input line 565.
(pdftex.def)             Requested size: 195.0pt x 346.84526pt.
 [31 <./media/3.PNG> <./media/4.PNG>] [32 <./media/5.PNG>]
<media/beacon.PNG, id=764, 752.8125pt x 1339.0025pt>
File: media/beacon.PNG Graphic file (type png)
<use media/beacon.PNG>
Package pdftex.def Info: media/beacon.PNG  used on input line 589.
(pdftex.def)             Requested size: 175.49881pt x 312.15256pt.
<media/beacon2.PNG, id=765, 752.8125pt x 1339.0025pt>
File: media/beacon2.PNG Graphic file (type png)
<use media/beacon2.PNG>
Package pdftex.def Info: media/beacon2.PNG  used on input line 595.
(pdftex.def)             Requested size: 175.49881pt x 312.15256pt.
[33 <./media/beacon.PNG> <./media/beacon2.PNG>]
<media/beacon3.PNG, id=774, 752.8125pt x 1339.0025pt>
File: media/beacon3.PNG Graphic file (type png)
<use media/beacon3.PNG>
Package pdftex.def Info: media/beacon3.PNG  used on input line 615.
(pdftex.def)             Requested size: 195.0pt x 346.84526pt.
 [34 <./media/beacon3.PNG>]
<media/db.png, id=784, 973.6375pt x 368.37625pt>
File: media/db.png Graphic file (type png)
<use media/db.png>
Package pdftex.def Info: media/db.png  used on input line 631.
(pdftex.def)             Requested size: 390.0pt x 147.55585pt.

[35 <./media/db.png>]
Underfull \hbox (badness 10000) in paragraph at lines 645--646

 []


Underfull \hbox (badness 10000) in paragraph at lines 647--650

 []

[36] [37

] [38] [39]
<media/1a.PNG, id=817, 752.8125pt x 1339.0025pt>
File: media/1a.PNG Graphic file (type png)
<use media/1a.PNG>
Package pdftex.def Info: media/1a.PNG  used on input line 772.
(pdftex.def)             Requested size: 195.0pt x 346.84526pt.
 [40] [41 <./media/1a.PNG>] [42]
<media/loading1.PNG, id=847, 752.8125pt x 1339.0025pt>
File: media/loading1.PNG Graphic file (type png)
<use media/loading1.PNG>
Package pdftex.def Info: media/loading1.PNG  used on input line 804.
(pdftex.def)             Requested size: 195.0pt x 346.84526pt.
 [43] [44 <./media/loading1.PNG>] [45

]
Underfull \hbox (badness 10000) in paragraph at lines 868--868
[]\OT1/cmr/bx/n/12 Fetched sig-
 []


Underfull \hbox (badness 10000) in paragraph at lines 870--870
[]\OT1/cmr/bx/n/12 Text trans-
 []


Underfull \hbox (badness 10000) in paragraph at lines 870--871
[]\OT1/cmr/m/n/12 "Materiales peli-grosos pre-
 []


Underfull \hbox (badness 1019) in paragraph at lines 870--871
\OT1/cmr/m/n/12 el paso. No hay veh^^S^^Pculos
 []


Underfull \hbox (badness 3713) in paragraph at lines 870--871
\OT1/cmr/m/n/12 veh^^S^^Pculos au-tor-iza-dos deben
 []

<media/test1.png, id=868, 752.8125pt x 1339.0025pt>
File: media/test1.png Graphic file (type png)
<use media/test1.png>
Package pdftex.def Info: media/test1.png  used on input line 881.
(pdftex.def)             Requested size: 195.0pt x 346.84526pt.
[46]
Overfull \vbox (116.32841pt too high) has occurred while \output is active []


[47 <./media/test1.png>]
<media/case1.png, id=880, 752.8125pt x 1339.0025pt>
File: media/case1.png Graphic file (type png)
<use media/case1.png>
Package pdftex.def Info: media/case1.png  used on input line 897.
(pdftex.def)             Requested size: 195.0pt x 346.84526pt.
 [48]
Underfull \hbox (badness 10000) in paragraph at lines 912--912
[]\OT1/cmr/bx/n/12 Fetched sig-
 []


Underfull \hbox (badness 2057) in paragraph at lines 912--913
[]\OT1/cmr/m/n/12 "Pedestrian ac-cess only be-
 []


Underfull \hbox (badness 10000) in paragraph at lines 914--914
[]\OT1/cmr/bx/n/12 Text trans-
 []

[49 <./media/case1.png>]
<media/1.png, id=895, 752.8125pt x 1339.0025pt>
File: media/1.png Graphic file (type png)
<use media/1.png>
Package pdftex.def Info: media/1.png  used on input line 940.
(pdftex.def)             Requested size: 175.49881pt x 312.15256pt.
<media/case3.PNG, id=896, 752.8125pt x 1339.0025pt>
File: media/case3.PNG Graphic file (type png)
<use media/case3.PNG>
Package pdftex.def Info: media/case3.PNG  used on input line 946.
(pdftex.def)             Requested size: 175.49881pt x 312.15256pt.
 [50]
<media/case3-eng.PNG, id=905, 752.8125pt x 1339.0025pt>
File: media/case3-eng.PNG Graphic file (type png)
<use media/case3-eng.PNG>
Package pdftex.def Info: media/case3-eng.PNG  used on input line 954.
(pdftex.def)             Requested size: 195.0pt x 346.84526pt.
 [51 <./media/1.png> <./media/case3.PNG>]
Underfull \hbox (badness 10000) in paragraph at lines 968--968
[]\OT1/cmr/bx/n/12 Image cap-
 []


Underfull \hbox (badness 10000) in paragraph at lines 972--972
[]\OT1/cmr/bx/n/12 Text trans-
 []

[52 <./media/case3-eng.PNG>]
<media/case4.png, id=922, 752.8125pt x 1339.0025pt>
File: media/case4.png Graphic file (type png)
<use media/case4.png>
Package pdftex.def Info: media/case4.png  used on input line 994.
(pdftex.def)             Requested size: 175.49881pt x 312.15256pt.
<media/case4a.png, id=923, 752.8125pt x 1339.0025pt>
File: media/case4a.png Graphic file (type png)
<use media/case4a.png>
Package pdftex.def Info: media/case4a.png  used on input line 1000.
(pdftex.def)             Requested size: 175.49881pt x 312.15256pt.
 [53]
<media/case4b.png, id=931, 752.8125pt x 1339.0025pt>
File: media/case4b.png Graphic file (type png)
<use media/case4b.png>
Package pdftex.def Info: media/case4b.png  used on input line 1008.
(pdftex.def)             Requested size: 195.0pt x 346.84526pt.
 [54 <./media/case4.png> <./media/case4a.png>]
Underfull \hbox (badness 10000) in paragraph at lines 1021--1021
[]\OT1/cmr/bx/n/12 Image cap-
 []


Underfull \hbox (badness 10000) in paragraph at lines 1025--1025
[]\OT1/cmr/bx/n/12 Text trans-
 []


Underfull \hbox (badness 10000) in paragraph at lines 1025--1026
[]\OT1/cmr/m/n/12 "If JA VIDA gives you
 []

[55 <./media/case4b.png>] [56] [57

] (./thesis-template.bbl [58


] [59]
Underfull \hbox (badness 10000) in paragraph at lines 99--101
[]\OT1/cmr/m/n/12 Wikipedia, ``Rep-re-sen-ta-tional state trans-fer (rest) -
 []

)
Package atveryend Info: Empty hook `BeforeClearDocument' on input line 1135.
 [60]
Package atveryend Info: Empty hook `AfterLastShipout' on input line 1135.
 (./thesis-template.aux)
Package atveryend Info: Executing hook `AtVeryEndDocument' on input line 1135.
Package atveryend Info: Executing hook `AtEndAfterFileList' on input line 1135.

Package rerunfilecheck Info: File `thesis-template.out' has not changed.
(rerunfilecheck)             Checksum: 29C58BCEFB5A45EEBE0924BB1BE03A30;3656.


LaTeX Warning: There were multiply-defined labels.

 ) 
Here is how much of TeX's memory you used:
 13677 strings out of 492649
 190236 string characters out of 6129622
 346654 words of memory out of 5000000
 16915 multiletter control sequences out of 15000+600000
 15744 words of font info for 67 fonts, out of 8000000 for 9000
 1142 hyphenation exceptions out of 8191
 44i,18n,43p,3264b,1808s stack positions out of 5000i,500n,10000p,200000b,80000s
</usr/local/texlive/2018/texmf-dist/fonts/type1/public/amsfonts/cm/cmbx10.pfb
></usr/local/texlive/2018/texmf-dist/fonts/type1/public/amsfonts/cm/cmbx12.pfb>
</usr/local/texlive/2018/texmf-dist/fonts/type1/public/amsfonts/cm/cmcsc10.pfb>
</usr/local/texlive/2018/texmf-dist/fonts/type1/public/amsfonts/cm/cmex10.pfb><
/usr/local/texlive/2018/texmf-dist/fonts/type1/public/amsfonts/cm/cmmi12.pfb></
usr/local/texlive/2018/texmf-dist/fonts/type1/public/amsfonts/cm/cmmi8.pfb></us
r/local/texlive/2018/texmf-dist/fonts/type1/public/amsfonts/cm/cmr10.pfb></usr/
local/texlive/2018/texmf-dist/fonts/type1/public/amsfonts/cm/cmr12.pfb></usr/lo
cal/texlive/2018/texmf-dist/fonts/type1/public/amsfonts/cm/cmr17.pfb></usr/loca
l/texlive/2018/texmf-dist/fonts/type1/public/amsfonts/cm/cmr8.pfb></usr/local/t
exlive/2018/texmf-dist/fonts/type1/public/amsfonts/cm/cmsy10.pfb></usr/local/te
xlive/2018/texmf-dist/fonts/type1/public/amsfonts/cm/cmti12.pfb>
Output written on thesis-template.pdf (69 pages, 13156160 bytes).
PDF statistics:
 1081 PDF objects out of 1200 (max. 8388607)
 954 compressed objects within 10 object streams
 341 named destinations out of 1000 (max. 500000)
 573 words of extra memory for PDF output out of 10000 (max. 10000000)

